[2022-10-2215:25:50] [ INFO ] [CategoriaController:21] Agregando Categoria
[2022-10-22_15:28:19] [ INFO ] [CategoriaController:21] Agregando Categoria
[2022-10-22-15:34:38] [ INFO ] [CategoriaController:21] Agregando Categoria
[2022-10-22-17:00:14] [ INFO ] [CategoriaController:45] Agregando Categoria
[2022-10-22-17:00:23] [ INFO ] [CategoriaController:26] Listando Categorias
[2022-10-22-19:37:05] [ INFO ] [CategoriaController:37] Buscando Categoria por id 1
[2022-10-22-19:41:51] [ INFO ] [CategoriaController:37] Buscando Categoria por id 1
[2022-10-22-19:42:10] [ INFO ] [CategoriaController:37] Buscando Categoria por id 2
[2022-10-22-19:42:10] [ ERROR] [CategoriaController:15] Categoría no encontrada
[2022-10-22-19:42:36] [ INFO ] [CategoriaController:37] Buscando Categoria por id 1
[2022-10-22-19:59:19] [ INFO ] [CategoriaController:37] Buscando Categoria por id 2
[2022-10-22-19:59:19] [ ERROR] [CategoriaController:15] Categoría no encontrada
[2022-10-22-19:59:19] [ ERROR] [GlobalExceptionHandler:23] Categoría no encontrada
[2022-10-22-19:59:32] [ INFO ] [CategoriaController:37] Buscando Categoria por id 0
[2022-10-22-19:59:32] [ ERROR] [CategoriaController:15] id no válido
[2022-10-22-19:59:32] [ ERROR] [GlobalExceptionHandler:23] id no válido
[2022-10-22-19:59:42] [ INFO ] [CategoriaController:37] Buscando Categoria por id 2
[2022-10-22-19:59:42] [ ERROR] [CategoriaController:15] Categoría no encontrada
[2022-10-22-19:59:42] [ ERROR] [GlobalExceptionHandler:23] Categoría no encontrada
[2022-10-22-19:59:49] [ INFO ] [CategoriaController:37] Buscando Categoria por id 1
[2022-10-22-20:01:21] [ INFO ] [CategoriaController:37] Buscando Categoria por id 0
[2022-10-22-20:01:21] [ ERROR] [CategoriaController:15] id no válido
[2022-10-22-20:01:21] [ ERROR] [GlobalExceptionHandler:23] id no válido
[2022-10-22-20:01:52] [ INFO ] [CategoriaController:37] Buscando Categoria por id 0
[2022-10-22-20:01:52] [ ERROR] [GlobalExceptionHandler:23] id no válido
[2022-10-22-20:02:10] [ INFO ] [CategoriaController:37] Buscando Categoria por id 2
[2022-10-22-20:02:10] [ ERROR] [GlobalExceptionHandler:23] Categoría no encontrada
[2022-10-22-20:02:34] [ INFO ] [CategoriaController:37] Buscando Categoria por id 1
[2022-10-22-20:44:44] [ INFO ] [CategoriaController:63] Actualizando Categoria con id 1
[2022-10-22-20:45:05] [ INFO ] [CategoriaController:26] Listando Categorias
[2022-10-22-20:56:26] [ INFO ] [CategoriaController:55] Agregando Categoria
[2022-10-22-20:58:18] [ INFO ] [CategoriaController:55] Agregando Categoria
[2022-10-22-20:58:24] [ INFO ] [CategoriaController:26] Listando Categorias
[2022-10-22-20:58:44] [ INFO ] [CategoriaController:63] Actualizando Categoria con id 1
[2022-10-22-20:58:50] [ INFO ] [CategoriaController:26] Listando Categorias
[2022-10-22-20:59:33] [ INFO ] [CategoriaController:55] Agregando Categoria
[2022-10-22-20:59:38] [ INFO ] [CategoriaController:37] Buscando Categoria por id 1
[2022-10-22-20:59:46] [ INFO ] [CategoriaController:37] Buscando Categoria por id 3
[2022-10-22-20:59:51] [ INFO ] [CategoriaController:37] Buscando Categoria por id 4
[2022-10-22-21:00:11] [ INFO ] [CategoriaController:26] Listando Categorias
[2022-10-22-21:00:36] [ ERROR] [GlobalExceptionHandler:17] Request method 'DELETE' not supported
[2022-10-22-21:02:23] [ INFO ] [CategoriaController:75] Eliminando Categoría con id 4
[2022-10-22-21:03:05] [ INFO ] [CategoriaController:26] Listando Categorias
[2022-10-22-21:03:16] [ ERROR] [GlobalExceptionHandler:23] Categoría no encontrada para ser eliminada
[2022-10-22-21:03:30] [ ERROR] [GlobalExceptionHandler:23] Categoría no encontrada para ser eliminada
[2022-10-23-14:55:21] [ INFO ] [CategoriaController:26] Listando Categorias
[2022-10-23-14:55:53] [ INFO ] [CategoriaController:37] Buscando Categoria por id 4
[2022-10-23-14:55:53] [ ERROR] [GlobalExceptionHandler:23] Categoría no encontrada
[2022-10-23-14:55:58] [ INFO ] [CategoriaController:37] Buscando Categoria por id 1
[2022-10-23-14:56:11] [ ERROR] [GlobalExceptionHandler:23] Categoría no encontrada para ser eliminada
[2022-10-23-15:30:18] [ INFO ] [CategoriaController:55] Agregando Categoria
[2022-10-23-15:30:28] [ INFO ] [CategoriaController:26] Listando Categorias
[2022-10-23-15:50:49] [ INFO ] [CategoriaController:55] Agregando Categoria
[2022-10-23-15:50:49] [ ERROR] [GlobalExceptionHandler:23] Categoría no pudo ser almacenada
[2022-10-23-15:51:15] [ INFO ] [CategoriaController:26] Listando Categorias
[2022-10-23-15:52:35] [ INFO ] [CategoriaController:55] Agregando Categoria
[2022-10-23-15:52:49] [ INFO ] [CategoriaController:26] Listando Categorias
[2022-10-23-15:53:46] [ INFO ] [CategoriaController:81] Eliminando Categoría con id 6
[2022-10-23-15:53:54] [ INFO ] [CategoriaController:37] Buscando Categoria por id 6
[2022-10-23-15:53:54] [ ERROR] [GlobalExceptionHandler:23] Categoría no encontrada
[2022-10-23-15:53:58] [ INFO ] [CategoriaController:26] Listando Categorias
[2022-10-23-16:01:33] [ INFO ] [CategoriaController:55] Agregando Categoria
[2022-10-23-16:01:44] [ INFO ] [CategoriaController:26] Listando Categorias
[2022-10-23-16:03:10] [ INFO ] [CategoriaController:75] Eliminando Categoría con id 7
[2022-10-23-16:03:20] [ INFO ] [CategoriaController:26] Listando Categorias
[2022-10-23-16:03:29] [ INFO ] [CategoriaController:55] Agregando Categoria
[2022-10-23-16:03:36] [ INFO ] [CategoriaController:55] Agregando Categoria
[2022-10-23-16:03:47] [ INFO ] [CategoriaController:26] Listando Categorias
[2022-10-23-16:07:17] [ INFO ] [CategoriaController:55] Agregando Categoria
[2022-10-23-16:07:17] [ ERROR] [GlobalExceptionHandler:23] La Categoría no pudo ser almacenada
[2022-10-23-16:07:37] [ INFO ] [CategoriaController:79] Eliminando Categoría con id 8
[2022-10-23-16:07:45] [ INFO ] [CategoriaController:26] Listando Categorias
[2022-10-23-16:07:56] [ INFO ] [CategoriaController:55] Agregando Categoria
[2022-10-23-16:08:09] [ INFO ] [CategoriaController:55] Agregando Categoria
[2022-10-23-16:08:09] [ ERROR] [GlobalExceptionHandler:23] La Categoría no pudo ser almacenada
[2022-10-23-16:12:08] [ INFO ] [CategoriaController:26] Listando Categorias
[2022-10-23-16:12:26] [ INFO ] [CategoriaController:78] Eliminando Categoría con id 9
[2022-10-23-16:12:35] [ INFO ] [CategoriaController:55] Agregando Categoria
[2022-10-23-16:12:49] [ INFO ] [CategoriaController:26] Listando Categorias
[2022-10-23-16:13:45] [ INFO ] [CategoriaController:55] Agregando Categoria
[2022-10-23-16:13:45] [ ERROR] [GlobalExceptionHandler:23] La Categoría no pudo ser almacenada
[2022-10-23-16:57:50] [ INFO ] [CategoriaController:26] Listando Categorias
[2022-10-23-16:57:59] [ INFO ] [CategoriaController:55] Agregando Categoria
[2022-10-23-16:58:17] [ INFO ] [CategoriaController:26] Listando Categorias
[2022-10-23-16:58:27] [ INFO ] [CategoriaController:78] Eliminando Categoría con id 10
[2022-10-23-16:58:34] [ INFO ] [CategoriaController:55] Agregando Categoria
[2022-10-23-17:03:14] [ INFO ] [CategoriaController:55] Agregando Categoria
[2022-10-23-17:03:21] [ INFO ] [CategoriaController:26] Listando Categorias
[2022-10-23-17:03:30] [ INFO ] [CategoriaController:78] Eliminando Categoría con id 11
[2022-10-23-17:03:38] [ INFO ] [CategoriaController:55] Agregando Categoria
